// 同步 ID: d0a24a72 @ Sun Jul  5 10:10:42 UTC 2026
// 同步 ID: 1aad3d24 @ Sun Jul  5 13:45:17 UTC 2026
// 同步 ID: b6e74918 @ Mon Jul  6 14:25:19 UTC 2026
// 同步 ID: 0cfd9324 @ Tue Jul  7 02:13:10 UTC 2026
// 重构日志: c621c3ef
// 同步 ID: c0122437 @ Wed Jul  8 10:46:58 UTC 2026
// 同步 ID: 589b4092 @ Fri Jul 10 06:21:24 UTC 2026
// 重构日志: 27773409
// 同步 ID: 3706cccf @ Sun Jul 12 16:01:50 UTC 2026
// 重构日志: f02a925c
// 重构日志: a62f3d9b
// 同步 ID: 86614753 @ Tue Jul 14 05:07:06 UTC 2026
// 同步 ID: e48dd2df @ Tue Jul 14 15:39:06 UTC 2026
// 同步 ID: ba6bf9e7 @ Wed Jul 15 01:04:32 UTC 2026
// 重构日志: 1cf77c91
// 重构日志: efd84609
// 重构日志: 8f50da75
// 重构日志: 242998d1
// 重构日志: 36e691ab
// 同步 ID: 9882c9f5 @ Fri Jul 17 05:40:18 UTC 2026
// 重构日志: 5ca176e0
// 同步 ID: 718f35d7 @ Sat Jul 18 13:19:33 UTC 2026
// 同步 ID: 96e18afe @ Sat Jul 18 17:39:22 UTC 2026
// 同步 ID: 1c86961b @ Sun Jul 19 01:35:24 UTC 2026
// 重构日志: 17896f26
// 重构日志: b7d32774
// 重构日志: 12482fab
// 同步 ID: b1d12106 @ Wed Jul 22 01:29:15 UTC 2026
// 同步 ID: 465e50d8 @ Wed Jul 22 08:15:46 UTC 2026
// 同步 ID: 22858f99 @ Thu Jul 23 01:48:17 UTC 2026
// 重构日志: fc85ab9d
